<?xml version="1.0" encoding="UTF-8"?>
<!-- Generated by org.testng.reporters.JUnitXMLReporter -->
<testsuite ignored="0" hostname="Gatossa-home" failures="1" tests="1" name="Test1" time="18.605" errors="0" timestamp="2024-11-18T18:18:04 CET">
  <testcase classname="TestsInProject.AddRemoveCartTest" name="addRemoveItem" time="14.995">
    <failure type="java.lang.AssertionError" message="expected [$45.2] but found [$45.24]">
      <![CDATA[java.lang.AssertionError: expected [$45.2] but found [$45.24]
at TestsInProject.AddRemoveCartTest.addRemoveItem(AddRemoveCartTest.java:58)
at java.base/java.util.ArrayList.forEach(ArrayList.java:1596)
at com.intellij.rt.testng.IDEARemoteTestNG.run(IDEARemoteTestNG.java:65)
at com.intellij.rt.testng.RemoteTestNGStarter.main(RemoteTestNGStarter.java:105)
... Removed 28 stack frames]]>
    </failure>
  </testcase> <!-- addRemoveItem -->
</testsuite> <!-- Test1 -->
